SF:lib\appliances_page.dart
DA:15,2
DA:17,1
DA:18,1
DA:27,1
DA:29,1
DA:31,1
DA:32,1
DA:35,1
DA:36,6
DA:39,1
DA:41,6
DA:42,2
DA:45,0
DA:49,1
DA:51,1
DA:52,1
DA:53,1
DA:55,1
DA:56,5
DA:57,1
DA:58,2
DA:59,1
DA:60,2
DA:62,0
DA:63,0
DA:64,0
DA:67,0
DA:68,0
DA:75,0
DA:76,0
DA:77,0
DA:78,0
DA:79,0
DA:80,0
DA:81,0
DA:82,0
DA:83,0
DA:84,0
DA:85,0
DA:86,0
DA:87,0
DA:88,0
DA:90,0
DA:94,0
DA:95,0
DA:96,0
DA:102,0
DA:103,0
DA:104,0
DA:105,0
DA:106,0
DA:107,0
DA:108,0
DA:109,0
DA:111,0
DA:112,0
DA:113,0
DA:115,0
DA:120,0
DA:121,0
DA:123,0
DA:125,0
DA:126,0
DA:128,0
DA:129,0
DA:130,0
DA:131,0
DA:132,0
DA:134,0
DA:136,0
DA:139,0
DA:140,0
DA:142,0
DA:143,0
DA:144,0
DA:156,0
DA:163,0
DA:164,0
DA:165,0
DA:166,0
DA:167,0
DA:168,0
DA:170,0
DA:173,0
DA:174,0
DA:175,0
DA:178,0
DA:187,0
DA:188,0
DA:190,0
DA:191,0
DA:192,0
DA:193,0
DA:194,0
DA:196,0
DA:197,0
DA:198,0
DA:200,0
DA:201,0
DA:205,0
DA:206,0
DA:207,0
DA:208,0
DA:209,0
DA:211,0
DA:213,0
DA:214,0
DA:215,0
DA:216,0
DA:217,0
DA:218,0
DA:220,0
DA:228,0
DA:229,0
DA:231,0
DA:232,0
DA:233,0
DA:234,0
DA:235,0
DA:236,0
DA:237,0
DA:238,0
DA:239,0
DA:241,0
DA:243,0
DA:244,0
DA:245,0
DA:246,0
DA:247,0
DA:249,0
DA:258,1
DA:270,5
DA:273,1
DA:274,1
DA:277,1
DA:279,1
DA:286,6
DA:289,1
DA:293,1
DA:295,6
DA:302,1
DA:305,6
DA:309,2
DA:311,2
DA:312,1
DA:314,0
DA:318,0
DA:319,0
DA:320,0
DA:321,0
DA:322,0
DA:323,0
DA:324,0
DA:325,0
DA:326,0
DA:327,0
DA:328,0
DA:330,0
DA:332,0
DA:333,0
DA:334,0
DA:335,0
DA:337,0
DA:345,1
DA:347,7
DA:348,1
DA:349,1
DA:351,0
DA:355,1
DA:358,2
DA:359,1
LF:171
LH:44
end_of_record
SF:lib\theme_provider.dart
DA:13,2
DA:14,4
DA:15,2
DA:16,2
DA:19,0
DA:21,2
DA:23,6
DA:24,2
DA:26,0
DA:28,0
DA:29,0
DA:30,0
DA:31,0
DA:34,4
DA:36,4
DA:40,2
DA:44,0
DA:45,0
DA:46,0
DA:47,0
DA:48,0
DA:50,0
DA:52,0
DA:56,2
DA:57,2
DA:61,0
DA:62,0
LF:27
LH:12
end_of_record
SF:lib\user_model.dart
DA:11,2
DA:13,2
DA:14,2
DA:15,2
DA:16,2
DA:17,2
DA:18,2
DA:19,2
DA:23,0
DA:25,0
DA:26,0
DA:27,0
DA:28,0
DA:29,0
DA:30,0
DA:31,0
DA:37,2
DA:44,6
DA:46,10
LF:19
LH:11
end_of_record
SF:lib\account_page.dart
DA:17,2
DA:19,1
DA:21,1
DA:38,1
DA:40,1
DA:41,1
DA:42,5
DA:45,1
DA:46,6
DA:49,0
DA:51,0
DA:54,0
DA:56,0
DA:59,0
DA:64,1
DA:66,3
DA:67,1
DA:69,1
DA:70,1
DA:72,1
DA:74,3
DA:76,0
DA:81,1
DA:83,1
DA:84,1
DA:85,1
DA:86,2
DA:87,2
DA:88,4
DA:89,3
DA:90,1
DA:92,1
DA:93,1
DA:94,1
DA:100,1
DA:104,2
DA:105,2
DA:107,1
DA:108,1
DA:112,1
DA:114,2
DA:115,2
DA:116,2
DA:117,2
DA:118,3
DA:119,1
DA:120,1
DA:123,1
DA:124,2
DA:128,3
DA:129,1
DA:130,1
DA:135,0
DA:136,0
DA:141,1
DA:144,1
DA:145,1
DA:146,1
DA:147,2
DA:148,2
DA:149,2
DA:151,3
DA:152,3
DA:153,3
DA:155,1
DA:158,2
DA:161,2
DA:163,1
DA:164,0
DA:167,2
DA:169,1
DA:170,0
DA:173,2
DA:175,1
DA:176,0
DA:179,3
DA:180,2
DA:181,5
DA:183,4
DA:184,1
DA:185,1
DA:187,1
DA:188,0
DA:194,5
DA:195,2
DA:196,5
DA:198,4
DA:199,1
DA:200,1
DA:202,1
DA:203,0
DA:208,0
DA:210,1
DA:211,0
DA:215,1
DA:217,1
DA:218,1
DA:219,1
DA:220,2
DA:221,2
DA:223,2
DA:225,2
DA:228,1
DA:231,3
DA:232,0
DA:233,0
DA:235,2
DA:236,0
DA:237,0
DA:239,3
DA:240,4
DA:241,1
DA:242,1
DA:245,3
DA:247,5
DA:250,4
DA:251,1
DA:254,5
DA:255,3
DA:257,1
DA:258,0
DA:262,0
DA:263,0
DA:266,1
DA:267,0
DA:271,1
DA:272,1
DA:273,1
DA:274,1
DA:276,1
DA:277,1
DA:278,1
DA:279,3
DA:281,1
DA:282,1
DA:283,1
DA:284,3
DA:286,3
DA:289,1
DA:290,1
DA:295,2
DA:297,1
DA:298,1
DA:299,3
DA:300,2
DA:301,1
DA:303,1
DA:304,1
DA:305,3
DA:307,3
DA:310,1
DA:311,1
DA:317,1
DA:318,1
DA:319,3
DA:320,1
DA:321,1
DA:322,1
DA:323,3
DA:325,3
DA:329,1
DA:330,1
DA:336,1
DA:338,1
DA:340,1
DA:341,1
DA:342,3
DA:343,0
DA:344,0
DA:346,4
DA:348,1
DA:349,1
DA:350,3
DA:351,1
DA:352,3
DA:354,2
DA:355,3
DA:357,8
DA:362,4
DA:372,1
DA:373,1
DA:374,1
DA:375,1
DA:377,1
DA:378,1
DA:379,1
DA:380,3
DA:381,2
DA:382,1
DA:383,1
DA:384,1
DA:385,3
DA:387,3
DA:389,1
DA:391,1
DA:392,1
DA:398,1
DA:399,1
DA:400,3
DA:401,2
DA:402,1
DA:403,1
DA:404,1
DA:405,3
DA:407,3
DA:409,1
DA:411,1
DA:412,1
DA:418,1
DA:420,1
DA:422,1
DA:423,1
DA:424,3
DA:425,0
DA:426,0
DA:428,4
DA:430,1
DA:431,1
DA:432,3
DA:433,1
DA:434,3
DA:437,2
DA:438,5
DA:441,2
DA:442,2
DA:446,4
DA:457,1
DA:458,1
DA:460,1
DA:461,1
DA:463,1
DA:464,1
DA:465,5
DA:466,1
DA:475,1
DA:476,1
DA:478,1
DA:479,1
DA:481,1
DA:482,1
DA:483,5
DA:484,1
DA:493,1
DA:495,1
DA:496,2
DA:497,1
DA:499,1
DA:500,1
DA:502,1
DA:503,1
DA:504,1
DA:505,1
DA:506,1
DA:508,1
DA:510,0
DA:515,1
DA:516,1
DA:517,1
DA:518,1
DA:519,1
DA:520,1
DA:521,1
DA:522,1
DA:523,1
DA:526,1
DA:532,1
DA:533,5
DA:534,1
DA:535,3
DA:536,1
DA:537,1
DA:538,1
DA:539,1
DA:540,1
DA:542,1
DA:546,1
DA:547,1
DA:548,0
DA:549,0
DA:551,0
DA:552,0
DA:553,0
DA:554,0
DA:555,0
DA:557,0
DA:558,0
DA:559,0
DA:560,0
DA:561,0
DA:562,0
DA:564,0
DA:565,0
DA:574,2
DA:575,3
DA:577,2
DA:578,1
DA:579,1
DA:581,1
DA:586,1
DA:587,1
DA:588,2
DA:589,3
DA:590,1
DA:592,1
DA:593,1
DA:594,1
DA:595,1
DA:596,5
DA:598,1
DA:600,3
DA:602,3
DA:608,3
DA:611,1
DA:612,1
DA:613,1
DA:614,1
DA:615,1
DA:616,1
DA:618,3
DA:619,1
DA:621,3
DA:625,1
DA:626,1
DA:627,1
DA:628,1
DA:629,1
DA:630,1
DA:632,1
DA:634,3
DA:636,3
LF:330
LH:287
end_of_record
SF:lib\HomePage.dart
DA:17,1
DA:20,0
DA:21,0
DA:31,0
DA:33,0
DA:34,0
DA:35,0
DA:38,0
DA:40,0
DA:41,0
DA:44,0
DA:48,0
DA:50,0
DA:53,0
DA:55,0
DA:58,0
DA:63,0
DA:66,0
DA:67,0
DA:68,0
DA:69,0
DA:70,0
DA:71,0
DA:74,0
DA:75,0
DA:76,0
DA:77,0
DA:78,0
DA:81,0
DA:82,0
DA:83,0
DA:84,0
DA:86,0
DA:87,0
DA:88,0
DA:90,0
DA:91,0
DA:92,0
DA:93,0
DA:94,0
DA:95,0
DA:102,0
DA:107,0
DA:108,0
DA:109,0
DA:118,0
DA:119,0
DA:121,0
DA:122,0
DA:124,0
DA:127,0
DA:129,0
DA:132,0
DA:134,0
DA:137,0
DA:139,0
LF:56
LH:1
end_of_record
SF:lib\SignInPage.dart
DA:11,2
DA:13,0
DA:14,0
DA:26,0
DA:28,0
DA:30,0
DA:31,0
DA:33,0
DA:36,0
DA:37,0
DA:38,0
DA:41,0
DA:42,0
DA:43,0
DA:50,0
DA:51,0
DA:57,0
DA:58,0
DA:65,0
DA:66,0
DA:73,0
DA:74,0
DA:80,0
DA:81,0
DA:82,0
DA:84,0
DA:85,0
DA:92,0
DA:93,0
DA:96,0
DA:104,0
DA:105,0
DA:112,0
DA:113,0
DA:114,0
DA:115,0
DA:117,0
DA:119,0
DA:120,0
DA:121,0
DA:122,0
DA:123,0
DA:126,0
DA:127,0
DA:129,0
DA:130,0
DA:135,0
DA:143,0
DA:144,0
DA:145,0
DA:146,0
DA:149,0
DA:150,0
DA:153,0
DA:155,0
DA:158,0
DA:162,0
DA:166,0
DA:167,0
DA:168,0
DA:172,0
DA:175,0
DA:181,0
DA:182,0
DA:189,0
DA:190,0
DA:192,0
DA:194,0
DA:196,0
DA:197,0
DA:198,0
DA:199,0
DA:200,0
DA:202,0
LF:74
LH:1
end_of_record
SF:lib\chores_page.dart
DA:15,0
DA:17,0
DA:18,0
DA:28,0
DA:29,0
DA:32,0
DA:34,0
DA:35,0
DA:36,0
DA:37,0
DA:39,0
DA:40,0
DA:41,0
DA:42,0
DA:43,0
DA:54,0
DA:55,0
DA:56,0
DA:57,0
DA:58,0
DA:67,0
DA:68,0
DA:69,0
DA:70,0
DA:73,0
DA:75,0
DA:76,0
DA:77,0
DA:78,0
DA:79,0
DA:81,0
DA:82,0
DA:83,0
DA:84,0
DA:85,0
DA:86,0
DA:87,0
DA:97,0
DA:98,0
DA:99,0
DA:100,0
DA:101,0
DA:102,0
DA:110,0
DA:113,0
DA:114,0
DA:115,0
DA:116,0
DA:117,0
DA:118,0
DA:119,0
DA:122,0
DA:125,0
DA:126,0
DA:127,0
DA:128,0
DA:129,0
DA:130,0
DA:132,0
DA:133,0
DA:136,0
DA:137,0
DA:138,0
DA:139,0
DA:140,0
DA:146,0
DA:147,0
DA:148,0
DA:150,0
DA:151,0
DA:155,0
DA:162,0
DA:163,0
DA:164,0
DA:165,0
DA:166,0
DA:168,0
DA:169,0
DA:170,0
DA:171,0
DA:172,0
DA:173,0
DA:175,0
DA:176,0
DA:177,0
DA:185,0
DA:186,0
DA:187,0
DA:209,0
DA:211,0
DA:212,0
DA:213,0
DA:214,0
DA:215,0
DA:216,0
DA:217,0
DA:219,0
DA:221,0
DA:222,0
DA:223,0
DA:226,0
DA:227,0
DA:228,0
DA:230,0
DA:233,0
DA:235,0
DA:236,0
DA:238,0
DA:239,0
DA:240,0
DA:243,0
DA:244,0
DA:251,0
DA:252,0
DA:261,0
DA:263,0
DA:264,0
DA:265,0
DA:266,0
DA:267,0
DA:268,0
DA:277,0
DA:279,0
DA:280,0
DA:281,0
DA:284,0
DA:285,0
DA:289,0
DA:290,0
DA:291,0
DA:292,0
DA:293,0
DA:294,0
DA:295,0
DA:296,0
DA:297,0
DA:299,0
DA:303,0
DA:314,0
DA:316,0
DA:317,0
DA:318,0
DA:319,0
DA:322,0
DA:323,0
DA:324,0
DA:325,0
DA:331,0
DA:332,0
DA:333,0
DA:336,0
DA:337,0
DA:344,0
DA:347,0
DA:348,0
DA:349,0
DA:350,0
DA:351,0
DA:352,0
DA:353,0
DA:354,0
DA:355,0
DA:356,0
DA:357,0
DA:358,0
DA:359,0
DA:360,0
DA:362,0
DA:366,0
DA:369,0
DA:370,0
DA:371,0
DA:372,0
DA:373,0
DA:375,0
DA:376,0
DA:383,0
DA:384,0
DA:387,0
DA:388,0
DA:389,0
DA:390,0
DA:391,0
DA:392,0
DA:393,0
DA:394,0
DA:395,0
DA:396,0
DA:397,0
DA:398,0
DA:399,0
DA:400,0
DA:402,0
DA:403,0
DA:407,0
DA:410,0
DA:418,0
DA:419,0
DA:420,0
DA:421,0
DA:422,0
DA:424,0
DA:426,0
DA:427,0
DA:428,0
DA:429,0
DA:431,0
DA:432,0
DA:433,0
DA:434,0
DA:435,0
DA:436,0
DA:437,0
DA:438,0
DA:441,0
DA:442,0
DA:443,0
DA:445,0
DA:446,0
DA:447,0
DA:448,0
DA:457,0
DA:458,0
DA:462,0
DA:463,0
DA:467,0
DA:468,0
DA:474,0
DA:475,0
DA:477,0
DA:479,0
DA:480,0
DA:485,0
DA:489,0
DA:490,0
DA:491,0
DA:492,0
DA:497,0
DA:498,0
DA:499,0
DA:500,0
DA:503,0
DA:506,0
DA:507,0
DA:508,0
DA:509,0
DA:510,0
DA:511,0
DA:512,0
DA:513,0
DA:514,0
DA:515,0
DA:517,0
DA:518,0
DA:519,0
DA:522,0
DA:528,0
DA:529,0
DA:532,0
DA:533,0
DA:548,0
DA:550,0
DA:551,0
DA:552,0
DA:553,0
DA:554,0
DA:556,0
DA:557,0
DA:570,0
DA:577,0
DA:578,0
DA:579,0
DA:580,0
DA:581,0
DA:582,0
DA:584,0
DA:585,0
DA:587,0
DA:588,0
DA:589,0
DA:591,0
DA:593,0
DA:594,0
DA:598,0
DA:600,0
DA:604,0
DA:605,0
DA:606,0
DA:607,0
DA:608,0
DA:609,0
DA:613,0
DA:614,0
DA:618,0
DA:619,0
DA:621,0
DA:623,0
DA:626,0
DA:627,0
DA:628,0
DA:629,0
DA:630,0
DA:631,0
DA:632,0
DA:633,0
DA:637,0
DA:639,0
DA:640,0
DA:645,0
DA:646,0
DA:647,0
DA:648,0
DA:649,0
DA:650,0
DA:651,0
DA:653,0
DA:654,0
DA:655,0
DA:658,0
DA:659,0
DA:669,0
DA:670,0
DA:671,0
DA:675,0
DA:676,0
DA:677,0
DA:679,0
DA:680,0
DA:684,0
DA:685,0
DA:687,0
DA:689,0
DA:697,0
DA:698,0
DA:699,0
DA:700,0
DA:701,0
DA:703,0
DA:710,0
DA:711,0
DA:712,0
DA:714,0
DA:721,0
DA:722,0
DA:723,0
DA:724,0
DA:725,0
DA:738,0
DA:741,0
DA:743,0
DA:744,0
DA:746,0
DA:747,0
DA:748,0
DA:749,0
DA:750,0
DA:751,0
DA:752,0
DA:754,0
DA:755,0
DA:757,0
DA:759,0
DA:761,0
DA:763,0
DA:764,0
DA:765,0
DA:766,0
DA:768,0
DA:771,0
DA:772,0
DA:773,0
DA:774,0
DA:777,0
DA:778,0
DA:780,0
DA:782,0
DA:783,0
DA:784,0
DA:786,0
DA:787,0
DA:788,0
DA:789,0
DA:790,0
DA:791,0
DA:792,0
DA:796,0
DA:798,0
DA:799,0
DA:804,0
DA:805,0
DA:807,0
DA:808,0
DA:809,0
DA:810,0
DA:811,0
DA:813,0
DA:814,0
DA:815,0
DA:819,0
DA:820,0
DA:821,0
DA:830,0
DA:831,0
DA:832,0
DA:833,0
DA:837,0
DA:838,0
DA:839,0
DA:840,0
DA:841,0
DA:842,0
DA:843,0
DA:846,0
DA:847,0
DA:849,0
DA:851,0
DA:860,0
DA:861,0
DA:862,0
DA:863,0
DA:864,0
DA:869,0
DA:870,0
DA:871,0
DA:872,0
DA:873,0
DA:874,0
DA:877,0
DA:878,0
DA:881,0
DA:882,0
DA:883,0
DA:884,0
DA:885,0
DA:897,0
DA:900,0
DA:902,0
DA:903,0
DA:907,0
DA:908,0
DA:909,0
LF:441
LH:0
end_of_record
SF:lib\calendar_page.dart
DA:17,0
DA:19,0
DA:20,0
DA:40,0
DA:42,0
DA:43,0
DA:44,0
DA:47,0
DA:48,0
DA:51,0
DA:53,0
DA:54,0
DA:57,0
DA:62,0
DA:64,0
DA:65,0
DA:66,0
DA:67,0
DA:68,0
DA:69,0
DA:71,0
DA:73,0
DA:76,0
DA:78,0
DA:79,0
DA:80,0
DA:81,0
DA:83,0
DA:84,0
DA:86,0
DA:87,0
DA:89,0
DA:95,0
DA:96,0
DA:97,0
DA:98,0
DA:99,0
DA:100,0
DA:101,0
DA:102,0
DA:107,0
DA:108,0
DA:109,0
DA:112,0
DA:115,0
DA:117,0
DA:118,0
DA:123,0
DA:124,0
DA:129,0
DA:135,0
DA:136,0
DA:137,0
DA:138,0
DA:139,0
DA:140,0
DA:142,0
DA:144,0
DA:145,0
DA:147,0
DA:149,0
DA:150,0
DA:151,0
DA:153,0
DA:154,0
DA:160,0
DA:161,0
DA:162,0
DA:163,0
DA:164,0
DA:165,0
DA:166,0
DA:167,0
DA:168,0
DA:170,0
DA:171,0
DA:172,0
DA:174,0
DA:175,0
DA:176,0
DA:177,0
DA:179,0
DA:180,0
DA:182,0
DA:183,0
DA:184,0
DA:188,0
DA:190,0
DA:192,0
DA:194,0
DA:195,0
DA:197,0
DA:198,0
DA:199,0
DA:200,0
DA:202,0
DA:203,0
DA:205,0
DA:206,0
DA:207,0
DA:210,0
DA:212,0
DA:215,0
DA:222,0
DA:226,0
DA:228,0
DA:229,0
DA:230,0
DA:231,0
DA:233,0
DA:234,0
DA:236,0
DA:237,0
DA:238,0
DA:241,0
DA:243,0
DA:244,0
DA:247,0
DA:254,0
DA:262,0
DA:263,0
DA:264,0
DA:265,0
DA:267,0
DA:268,0
DA:270,0
DA:272,0
DA:273,0
DA:274,0
DA:276,0
DA:278,0
DA:279,0
DA:280,0
DA:282,0
DA:283,0
DA:284,0
DA:287,0
DA:288,0
DA:289,0
DA:290,0
DA:291,0
DA:292,0
DA:293,0
DA:296,0
DA:298,0
DA:302,0
DA:304,0
DA:305,0
DA:306,0
DA:307,0
DA:308,0
DA:312,0
DA:314,0
DA:315,0
DA:316,0
DA:321,0
DA:324,0
DA:325,0
DA:326,0
DA:328,0
DA:329,0
DA:331,0
DA:339,0
DA:340,0
DA:341,0
DA:342,0
DA:343,0
DA:344,0
DA:345,0
DA:348,0
DA:349,0
DA:350,0
DA:351,0
DA:353,0
DA:357,0
DA:358,0
DA:359,0
DA:360,0
DA:362,0
DA:363,0
DA:365,0
DA:367,0
DA:368,0
DA:369,0
DA:371,0
DA:373,0
DA:374,0
DA:375,0
DA:376,0
DA:377,0
DA:378,0
DA:379,0
DA:380,0
DA:381,0
DA:382,0
DA:386,0
DA:387,0
DA:388,0
DA:389,0
DA:390,0
DA:391,0
DA:392,0
DA:393,0
DA:394,0
DA:395,0
DA:401,0
DA:402,0
DA:405,0
DA:407,0
DA:415,0
DA:416,0
DA:418,0
DA:421,0
DA:422,0
DA:423,0
DA:426,0
DA:428,0
DA:430,0
DA:431,0
DA:432,0
DA:433,0
DA:434,0
DA:436,0
DA:437,0
DA:438,0
DA:441,0
DA:444,0
DA:446,0
DA:447,0
DA:449,0
DA:450,0
DA:451,0
DA:452,0
DA:454,0
DA:455,0
DA:457,0
DA:458,0
DA:459,0
DA:462,0
DA:464,0
DA:467,0
DA:474,0
DA:476,0
DA:481,0
DA:483,0
DA:484,0
DA:485,0
DA:486,0
DA:488,0
DA:489,0
DA:491,0
DA:492,0
DA:493,0
DA:496,0
DA:498,0
DA:501,0
DA:508,0
DA:510,0
DA:517,0
DA:519,0
DA:523,0
DA:525,0
DA:526,0
DA:527,0
DA:529,0
DA:530,0
DA:531,0
DA:533,0
DA:535,0
DA:538,0
DA:539,0
DA:540,0
DA:542,0
DA:544,0
DA:545,0
DA:546,0
DA:547,0
DA:548,0
DA:549,0
DA:551,0
DA:552,0
DA:553,0
DA:560,0
DA:561,0
DA:563,0
DA:564,0
DA:565,0
DA:566,0
DA:567,0
DA:568,0
DA:570,0
DA:571,0
DA:572,0
DA:573,0
DA:574,0
DA:575,0
DA:577,0
DA:580,0
DA:581,0
DA:582,0
DA:583,0
DA:584,0
DA:585,0
DA:588,0
DA:589,0
DA:590,0
DA:591,0
DA:592,0
DA:593,0
DA:596,0
DA:602,0
DA:604,0
DA:607,0
DA:608,0
DA:609,0
DA:610,0
DA:611,0
DA:614,0
DA:616,0
DA:617,0
DA:619,0
DA:621,0
DA:631,0
DA:632,0
DA:633,0
DA:634,0
DA:637,0
DA:639,0
DA:640,0
DA:645,0
DA:646,0
LF:331
LH:0
end_of_record
SF:lib\auth_service.dart
DA:7,0
DA:9,0
DA:11,0
DA:12,0
DA:17,0
DA:18,0
DA:22,0
DA:23,0
DA:27,0
DA:28,0
DA:32,0
DA:34,0
DA:39,0
DA:40,0
DA:45,0
DA:47,0
DA:52,0
DA:53,0
LF:18
LH:0
end_of_record
SF:lib\preferences_page.dart
DA:15,0
DA:17,0
DA:18,0
DA:34,0
DA:36,0
DA:38,0
DA:39,0
DA:40,0
DA:43,0
DA:44,0
DA:47,0
DA:49,0
DA:50,0
DA:53,0
DA:58,0
DA:59,0
DA:64,0
DA:65,0
DA:66,0
DA:67,0
DA:68,0
DA:69,0
DA:70,0
DA:72,0
DA:73,0
DA:74,0
DA:75,0
DA:76,0
DA:77,0
DA:78,0
DA:79,0
DA:82,0
DA:86,0
DA:92,0
DA:93,0
DA:95,0
DA:96,0
DA:97,0
DA:98,0
DA:99,0
DA:100,0
DA:101,0
DA:102,0
DA:104,0
DA:105,0
DA:108,0
DA:112,0
DA:114,0
DA:115,0
DA:117,0
DA:119,0
DA:121,0
DA:123,0
DA:124,0
DA:125,0
DA:126,0
DA:127,0
DA:129,0
DA:137,0
DA:138,0
DA:139,0
DA:140,0
DA:141,0
DA:142,0
DA:144,0
DA:152,0
DA:153,0
DA:154,0
DA:155,0
DA:156,0
DA:157,0
DA:159,0
DA:167,0
DA:168,0
DA:169,0
DA:170,0
DA:171,0
DA:172,0
DA:174,0
DA:182,0
DA:183,0
DA:184,0
DA:185,0
DA:186,0
DA:187,0
DA:189,0
DA:197,0
DA:198,0
DA:199,0
DA:200,0
DA:201,0
DA:202,0
DA:204,0
DA:211,0
DA:212,0
DA:214,0
DA:215,0
DA:216,0
DA:217,0
DA:218,0
DA:219,0
DA:221,0
DA:222,0
LF:103
LH:0
end_of_record
SF:lib\household_model.dart
DA:9,1
DA:11,1
DA:12,1
DA:13,3
DA:14,1
DA:15,1
DA:16,1
DA:17,1
DA:18,1
DA:23,1
DA:26,2
DA:28,1
DA:31,1
DA:34,0
LF:14
LH:13
end_of_record
SF:lib\auto_assign_chores.dart
DA:14,0
DA:16,0
DA:17,0
DA:19,0
DA:20,0
DA:24,0
DA:26,0
DA:27,0
DA:28,0
DA:29,0
DA:30,0
DA:31,0
DA:32,0
DA:33,0
DA:36,0
DA:40,0
DA:41,0
DA:42,0
DA:43,0
DA:44,0
DA:45,0
DA:46,0
DA:49,0
DA:55,0
DA:56,0
DA:64,0
DA:67,0
DA:68,0
DA:69,0
DA:70,0
DA:71,0
DA:72,0
DA:74,0
DA:75,0
DA:77,0
DA:78,0
DA:80,0
DA:81,0
DA:83,0
DA:84,0
DA:88,0
DA:94,0
DA:96,0
DA:97,0
DA:99,0
DA:100,0
DA:101,0
DA:102,0
DA:103,0
DA:105,0
DA:106,0
DA:107,0
DA:108,0
DA:112,0
DA:113,0
DA:117,0
DA:118,0
DA:119,0
DA:125,0
DA:133,0
DA:134,0
DA:136,0
DA:138,0
DA:144,0
DA:149,0
DA:155,0
DA:156,0
DA:157,0
DA:158,0
DA:161,0
DA:162,0
DA:163,0
DA:164,0
DA:165,0
DA:168,0
DA:169,0
DA:170,0
DA:174,0
DA:178,0
DA:179,0
DA:180,0
DA:181,0
DA:182,0
DA:189,0
DA:190,0
DA:193,0
DA:194,0
DA:196,0
DA:197,0
DA:203,0
DA:207,0
DA:208,0
DA:210,0
DA:211,0
DA:217,0
DA:224,0
DA:225,0
DA:232,0
DA:233,0
DA:244,0
DA:245,0
DA:246,0
DA:247,0
DA:248,0
DA:255,0
DA:256,0
DA:257,0
DA:259,0
DA:260,0
DA:267,0
DA:269,0
DA:275,0
DA:276,0
DA:278,0
DA:281,0
DA:283,0
DA:284,0
DA:292,0
DA:295,0
DA:298,0
DA:300,0
DA:301,0
DA:305,0
DA:307,0
DA:309,0
DA:310,0
DA:311,0
DA:318,0
DA:325,0
DA:327,0
DA:328,0
DA:333,0
LF:132
LH:0
end_of_record
